<?xml version="1.0" encoding="UTF-8"?>
<!-- Generated by org.testng.reporters.JUnitReportReporter -->
<testsuite hostname="Saisanjay" failures="0" tests="1" name="Runner.RunnerClass" time="14.618" errors="0" timestamp="2023-12-12T13:32:50 EST" skipped="0">
  <testcase classname="Runner.RunnerClass" name="runScenario" time="14.618"/>
  <system-out/>
</testsuite> <!-- Runner.RunnerClass -->
