<?xml version="1.0" encoding="UTF-8"?>
<!-- Generated by org.testng.reporters.JUnitReportReporter -->
<testsuite hostname="Saisanjay" failures="0" tests="1" name="com.FirstNew.NewProject.AppTest" time="0.020" errors="0" timestamp="2023-11-29T11:24:40 EST" skipped="0">
  <testcase classname="com.FirstNew.NewProject.AppTest" name="Test1" time="0.020"/>
  <system-out/>
</testsuite> <!-- com.FirstNew.NewProject.AppTest -->
